
> tourism-hospitality-chatbot@0.1.0 dev
> next dev

   ▲ Next.js 15.4.6
   - Local:        http://localhost:3000
   - Network:      http://192.168.4.97:3000
   - Environments: .env

 ✓ Starting...
 ✓ Ready in 1547ms
 ○ Compiling / ...
 ✓ Compiled / in 1667ms (1476 modules)
 GET / 200 in 2218ms
 GET / 200 in 109ms
 ✓ Compiled /favicon.ico in 198ms (832 modules)
 GET /favicon.ico 200 in 290ms
 GET / 200 in 290ms
 GET /favicon.ico 200 in 9ms
 ✓ Compiled /register in 442ms (1510 modules)
 GET / 200 in 237ms
 GET /register 200 in 700ms
 GET / 200 in 149ms
 ○ Compiling /api/chat ...
 ✓ Compiled /api/chat in 526ms (1612 modules)
 POST /api/chat 200 in 3647ms
 POST /api/chat 200 in 3812ms
 POST /api/chat 200 in 3350ms
 POST /api/chat 200 in 3210ms
 ✓ Compiled in 150ms (669 modules)
 GET / 200 in 202ms
 ✓ Compiled in 207ms (669 modules)
 GET / 200 in 34ms
 POST /api/chat 200 in 3606ms
 POST /api/chat 200 in 4207ms
 POST /api/chat 200 in 4525ms
 POST /api/chat 200 in 4905ms
 POST /api/chat 200 in 3381ms
 POST /api/chat 200 in 5212ms
 POST /api/chat 200 in 4608ms
 POST /api/chat 200 in 4913ms
 POST /api/chat 200 in 4018ms
 POST /api/chat 200 in 4327ms
 POST /api/chat 200 in 4475ms
 POST /api/chat 200 in 4339ms
 POST /api/chat 200 in 4424ms
 POST /api/chat 200 in 4721ms
 POST /api/chat 200 in 3362ms
 POST /api/chat 200 in 5235ms
 ✓ Compiled in 248ms (669 modules)
 GET / 200 in 75ms
 ✓ Compiled in 111ms (669 modules)
 GET / 200 in 21ms
 POST /api/chat 200 in 5015ms
 POST /api/chat 200 in 5386ms
 POST /api/chat 200 in 2833ms
 POST /api/chat 200 in 5458ms
 ✓ Compiled in 204ms (669 modules)
 ✓ Compiled in 430ms (669 modules)
 ✓ Compiled in 90ms (669 modules)
 ✓ Compiled in 207ms (1480 modules)
 ✓ Compiled in 113ms (669 modules)
 ✓ Compiled in 123ms (1480 modules)
 ✓ Compiled in 94ms (669 modules)
 ✓ Compiled in 136ms (1480 modules)
 ✓ Compiled in 113ms (669 modules)
 ✓ Compiled in 139ms (1480 modules)
 ✓ Compiled in 108ms (669 modules)
 ✓ Compiled in 134ms (1480 modules)
 ✓ Compiled in 89ms (669 modules)
 ✓ Compiled in 145ms (669 modules)
 ✓ Compiled in 81ms (669 modules)
 ✓ Compiled in 85ms (669 modules)
 ✓ Compiled in 79ms (669 modules)
 ✓ Compiled in 92ms (669 modules)
 ✓ Compiled in 97ms (669 modules)
 ✓ Compiled in 76ms (669 modules)
 ✓ Compiled in 163ms (1480 modules)
 ✓ Compiled in 96ms (669 modules)
 ✓ Compiled in 134ms (1480 modules)
 ✓ Compiled in 103ms (669 modules)
 ✓ Compiled in 134ms (669 modules)
 ✓ Compiled in 108ms (1480 modules)
 ✓ Compiled in 151ms (669 modules)
 ✓ Compiled in 155ms (1480 modules)
 ✓ Compiled in 92ms (669 modules)
 ✓ Compiled in 88ms (669 modules)
 ✓ Compiled in 100ms (669 modules)
 ✓ Compiled in 94ms (669 modules)
 ✓ Compiled in 81ms (669 modules)
